<?xml version="1.0" encoding="UTF-8" ?>
<testsuite tests="4" failures="1" name="org.test.TestRunner" time="17.629" errors="0" skipped="0">
  <properties>
[...]
</properties>
  <testcase classname="Testing all API request methods of Reverb APIs" name="Testing the GET request method" time="3.555"/>
  <testcase classname="Testing all API request methods of Reverb APIs" name="Testing the POST request method" time="7.298"/>
  <testcase classname="Testing all API request methods of Reverb APIs" name="Testing the PUT request method" time="3.472">
    <failure message="1 expectation failed.
Response body doesn&apos;t match expectation.
Expected: The content to match the given JSON schema.
error: object has missing required properties ([&quot;errors&quot;,&quot;listing&quot;,&quot;warnings&quot;])
    level: &quot;error&quot;
    schema: {&quot;loadingURI&quot;:&quot;file:/C:/Users/Arun/eclipse-workspace/APIE2EReverb/target/test-classes/schema/put.json#&quot;,&quot;pointer&quot;:&quot;&quot;}
    instance: {&quot;pointer&quot;:&quot;&quot;}
    domain: &quot;validation&quot;
    keyword: &quot;required&quot;
    required: [&quot;errors&quot;,&quot;listing&quot;,&quot;message&quot;,&quot;warnings&quot;]
    missing: [&quot;errors&quot;,&quot;listing&quot;,&quot;warnings&quot;]

  Actual: {&quot;message&quot;:&quot;price[currency] does not have a valid value&quot;,&quot;error_type&quot;:null}
" type="java.lang.AssertionError">java.lang.AssertionError: 1 expectation failed.
Response body doesn&apos;t match expectation.
Expected: The content to match the given JSON schema.
error: object has missing required properties ([&quot;errors&quot;,&quot;listing&quot;,&quot;warnings&quot;])
    level: &quot;error&quot;
    schema: {&quot;loadingURI&quot;:&quot;file:/C:/Users/Arun/eclipse-workspace/APIE2EReverb/target/test-classes/schema/put.json#&quot;,&quot;pointer&quot;:&quot;&quot;}
    instance: {&quot;pointer&quot;:&quot;&quot;}
    domain: &quot;validation&quot;
    keyword: &quot;required&quot;
    required: [&quot;errors&quot;,&quot;listing&quot;,&quot;message&quot;,&quot;warnings&quot;]
    missing: [&quot;errors&quot;,&quot;listing&quot;,&quot;warnings&quot;]

  Actual: {&quot;message&quot;:&quot;price[currency] does not have a valid value&quot;,&quot;error_type&quot;:null}

	at sun.reflect.NativeConstructorAccessorImpl.newInstance0(Native Method)
	at sun.reflect.NativeConstructorAccessorImpl.newInstance(Unknown Source)
	at sun.reflect.DelegatingConstructorAccessorImpl.newInstance(Unknown Source)
	at java.lang.reflect.Constructor.newInstance(Unknown Source)
	at org.codehaus.groovy.reflection.CachedConstructor.invoke(CachedConstructor.java:72)
	at org.codehaus.groovy.reflection.CachedConstructor.doConstructorInvoke(CachedConstructor.java:59)
	at org.codehaus.groovy.runtime.callsite.ConstructorSite$ConstructorSiteNoUnwrap.callConstructor(ConstructorSite.java:84)
	at org.codehaus.groovy.runtime.callsite.CallSiteArray.defaultCallConstructor(CallSiteArray.java:59)
	at org.codehaus.groovy.runtime.callsite.AbstractCallSite.callConstructor(AbstractCallSite.java:263)
	at org.codehaus.groovy.runtime.callsite.AbstractCallSite.callConstructor(AbstractCallSite.java:277)
	at io.restassured.internal.ResponseSpecificationImpl$HamcrestAssertionClosure.validate(ResponseSpecificationImpl.groovy:499)
	at io.restassured.internal.ResponseSpecificationImpl$HamcrestAssertionClosure$validate$1.call(Unknown Source)
	at io.restassured.internal.ResponseSpecificationImpl.validateResponseIfRequired(ResponseSpecificationImpl.groovy:684)
	at sun.reflect.GeneratedMethodAccessor71.invoke(Unknown Source)
	at sun.reflect.DelegatingMethodAccessorImpl.invoke(Unknown Source)
	at java.lang.reflect.Method.invoke(Unknown Source)
	at org.codehaus.groovy.runtime.callsite.PlainObjectMetaMethodSite.doInvoke(PlainObjectMetaMethodSite.java:43)
	at org.codehaus.groovy.runtime.callsite.PogoMetaMethodSite$PogoCachedMethodSiteNoUnwrapNoCoerce.invoke(PogoMetaMethodSite.java:193)
	at org.codehaus.groovy.runtime.callsite.PogoMetaMethodSite.callCurrent(PogoMetaMethodSite.java:61)
	at org.codehaus.groovy.runtime.callsite.AbstractCallSite.callCurrent(AbstractCallSite.java:185)
	at io.restassured.internal.ResponseSpecificationImpl.body(ResponseSpecificationImpl.groovy:99)
	at io.restassured.internal.ValidatableResponseOptionsImpl.body(ValidatableResponseOptionsImpl.java:238)
	at io.restassured.internal.ValidatableResponseImpl.super$2$body(ValidatableResponseImpl.groovy)
	at sun.reflect.GeneratedMethodAccessor88.invoke(Unknown Source)
	at sun.reflect.DelegatingMethodAccessorImpl.invoke(Unknown Source)
	at java.lang.reflect.Method.invoke(Unknown Source)
	at org.codehaus.groovy.reflection.CachedMethod.invoke(CachedMethod.java:107)
	at groovy.lang.MetaMethod.doMethodInvoke(MetaMethod.java:323)
	at groovy.lang.MetaClassImpl.invokeMethod(MetaClassImpl.java:1268)
	at org.codehaus.groovy.runtime.ScriptBytecodeAdapter.invokeMethodOnSuperN(ScriptBytecodeAdapter.java:144)
	at io.restassured.internal.ValidatableResponseImpl.body(ValidatableResponseImpl.groovy:293)
	at io.restassured.internal.ValidatableResponseImpl.body(ValidatableResponseImpl.groovy)
	at org.step.StepDefinition.i_verify_request_response_is(StepDefinition.java:188)
	at org.step.StepDefinition.i_send_the_request_with_endpoint(StepDefinition.java:111)
	at ✽.I send the &quot;PUT&quot; request with &quot;updateListing&quot; endpoint(file:src/test/resources/APIFeature.feature:27)
</failure>
    <system-out>[87386330, 87386331, 87386332, 87386333, 87386334, 87386335, 87386336, 87386336]
PUT response Code: 200
PUT response Code: 200
PUT response Code: 200
PUT response Code: 200
PUT response Code: 200
</system-out>
  </testcase>
  <testcase classname="Testing all API request methods of Reverb APIs" name="Testing the DELETE request method" time="3.304"/>
</testsuite>